<?xml version="1.0" encoding="UTF-8"?>
<!-- Generated by org.testng.reporters.JUnitXMLReporter -->
<testsuite ignored="0" hostname="AliAzferFamily" failures="0" tests="4" name="Test" time="35.261" errors="0" timestamp="2025-08-04T21:52:59 IST">
  <testcase classname="com.test.MultiTest" name="SelectDropDown" time="0.88"/>
  <testcase classname="com.test.MultiTest" name="AdvanceDropDown" time="3.058"/>
  <testcase classname="com.test.MultiFiles" name="SelectDropDown1" time="0.546"/>
  <testcase classname="com.test.MultiFiles" name="AdvanceDropDown" time="3.642"/>
</testsuite> <!-- Test -->
