<?xml version="1.0" encoding="UTF-8"?>
<testng-results ignored="0" total="4" passed="4" failed="0" skipped="0">
  <reporter-output>
  </reporter-output>
  <suite started-at="2025-08-04T21:52:24 IST" name="Suite" finished-at="2025-08-04T21:52:59 IST" duration-ms="35261">
    <groups>
    </groups>
    <test started-at="2025-08-04T21:52:24 IST" name="Test" finished-at="2025-08-04T21:52:59 IST" duration-ms="35261">
      <class name="com.test.MultiTest">
        <test-method is-config="true" signature="initalization()[pri:0, instance:com.test.MultiTest@799f10e1]" started-at="2025-08-04T21:52:24 IST" name="initalization" finished-at="2025-08-04T21:52:39 IST" duration-ms="15443" status="PASS">
          <reporter-output>
          </reporter-output>
        </test-method> <!-- initalization -->
        <test-method signature="SelectDropDown()[pri:1, instance:com.test.MultiTest@799f10e1]" started-at="2025-08-04T21:52:39 IST" name="SelectDropDown" finished-at="2025-08-04T21:52:40 IST" duration-ms="880" status="PASS">
          <reporter-output>
          </reporter-output>
        </test-method> <!-- SelectDropDown -->
        <test-method signature="AdvanceDropDown()[pri:2, instance:com.test.MultiTest@799f10e1]" started-at="2025-08-04T21:52:40 IST" name="AdvanceDropDown" finished-at="2025-08-04T21:52:43 IST" duration-ms="3058" status="PASS">
          <reporter-output>
          </reporter-output>
        </test-method> <!-- AdvanceDropDown -->
        <test-method is-config="true" signature="Cleanup()[pri:0, instance:com.test.MultiTest@799f10e1]" started-at="2025-08-04T21:52:43 IST" name="Cleanup" finished-at="2025-08-04T21:52:44 IST" duration-ms="429" status="PASS">
          <reporter-output>
          </reporter-output>
        </test-method> <!-- Cleanup -->
      </class> <!-- com.test.MultiTest -->
      <class name="com.test.MultiFiles">
        <test-method is-config="true" signature="Initalization()[pri:0, instance:com.test.MultiFiles@31304f14]" started-at="2025-08-04T21:52:44 IST" name="Initalization" finished-at="2025-08-04T21:52:54 IST" duration-ms="10805" status="PASS">
          <reporter-output>
          </reporter-output>
        </test-method> <!-- Initalization -->
        <test-method signature="SelectDropDown1()[pri:1, instance:com.test.MultiFiles@31304f14]" started-at="2025-08-04T21:52:54 IST" name="SelectDropDown1" finished-at="2025-08-04T21:52:55 IST" duration-ms="546" status="PASS">
          <reporter-output>
          </reporter-output>
        </test-method> <!-- SelectDropDown1 -->
        <test-method signature="AdvanceDropDown()[pri:2, instance:com.test.MultiFiles@31304f14]" started-at="2025-08-04T21:52:55 IST" name="AdvanceDropDown" finished-at="2025-08-04T21:52:59 IST" duration-ms="3642" status="PASS">
          <reporter-output>
          </reporter-output>
        </test-method> <!-- AdvanceDropDown -->
        <test-method is-config="true" signature="Close()[pri:0, instance:com.test.MultiFiles@31304f14]" started-at="2025-08-04T21:52:59 IST" name="Close" finished-at="2025-08-04T21:52:59 IST" duration-ms="359" status="PASS">
          <reporter-output>
          </reporter-output>
        </test-method> <!-- Close -->
      </class> <!-- com.test.MultiFiles -->
    </test> <!-- Test -->
  </suite> <!-- Suite -->
</testng-results>
