<?xml version="1.0" encoding="UTF-8"?>
<!-- Generated by org.testng.reporters.JUnitXMLReporter -->
<testsuite ignored="0" hostname="AliAzferFamily" failures="0" tests="4" name="Test" time="41.397" errors="0" timestamp="2025-08-11T11:09:30 IST">
  <testcase classname="com.test.MultiTest" name="SelectDropDown" time="1.557"/>
  <testcase classname="com.test.MultiTest" name="AdvanceDropDown" time="4.845"/>
  <testcase classname="com.test.MultiFiles" name="SelectDropDown1" time="1.445"/>
  <testcase classname="com.test.MultiFiles" name="AdvanceDropDown" time="4.827"/>
</testsuite> <!-- Test -->
